Nov-17 12:11:12.291 [main] DEBUG nextflow.cli.Launcher - $> nextflow main.nf
Nov-17 12:11:12.388 [main] DEBUG nextflow.cli.CmdRun - N E X T F L O W  ~  version 25.10.0
Nov-17 12:11:12.427 [main] DEBUG nextflow.config.ConfigBuilder - Found config local: /home/giuliosp/Desktop/Joy_Lab/BIOF 501/Project/giuliBIOF501Project/Nextflow.amrlearn/nextflow.config
Nov-17 12:11:12.430 [main] DEBUG nextflow.config.ConfigBuilder - Parsing config file: /home/giuliosp/Desktop/Joy_Lab/BIOF 501/Project/giuliBIOF501Project/Nextflow.amrlearn/nextflow.config
Nov-17 12:11:12.456 [main] DEBUG nextflow.config.ConfigBuilder - Applying config profile: `standard`
Nov-17 12:11:12.872 [main] DEBUG nextflow.plugin.PluginsFacade - Setting up plugin manager > mode=prod; embedded=false; plugins-dir=/home/giuliosp/.nextflow/plugins; core-plugins: nf-amazon@3.4.1,nf-azure@1.20.2,nf-cloudcache@0.5.0,nf-codecommit@0.5.0,nf-console@1.3.0,nf-google@1.23.3,nf-k8s@1.2.2,nf-tower@1.17.1,nf-wave@1.16.1
Nov-17 12:11:12.881 [main] INFO  o.pf4j.DefaultPluginStatusProvider - Enabled plugins: []
Nov-17 12:11:12.882 [main] INFO  o.pf4j.DefaultPluginStatusProvider - Disabled plugins: []
Nov-17 12:11:12.885 [main] INFO  org.pf4j.DefaultPluginManager - PF4J version 3.12.0 in 'deployment' mode
Nov-17 12:11:12.897 [main] DEBUG nextflow.util.RetryConfig - Missing nextflow session - using default retry config
Nov-17 12:11:13.053 [main] INFO  org.pf4j.AbstractPluginManager - No plugins
Nov-17 12:11:13.054 [main] DEBUG nextflow.plugin.PluginsFacade - Plugins default=[]
Nov-17 12:11:13.054 [main] DEBUG nextflow.plugin.PluginsFacade - Plugins resolved requirement=[]
Nov-17 12:11:13.067 [main] DEBUG n.secret.LocalSecretsProvider - Secrets store: /home/giuliosp/.nextflow/secrets/store.json
Nov-17 12:11:13.070 [main] DEBUG nextflow.secret.SecretsLoader - Discovered secrets providers: [nextflow.secret.LocalSecretsProvider@2fdf17dc] - activable => nextflow.secret.LocalSecretsProvider@2fdf17dc
Nov-17 12:11:13.080 [main] DEBUG nextflow.cli.CmdRun - Applied DSL=2 from script declaration
Nov-17 12:11:13.093 [main] DEBUG nextflow.cli.CmdRun - Launching `main.nf` [admiring_fermi] DSL2 - revision: a92054d7a6
Nov-17 12:11:13.150 [main] DEBUG nextflow.Session - Session UUID: 1a0cd033-e552-4663-b03d-f56e8683fa92
Nov-17 12:11:13.150 [main] DEBUG nextflow.Session - Run name: admiring_fermi
Nov-17 12:11:13.151 [main] DEBUG nextflow.Session - Executor pool size: 8
Nov-17 12:11:13.159 [main] DEBUG nextflow.file.FilePorter - File porter settings maxRetries=3; maxTransfers=50; pollTimeout=null
Nov-17 12:11:13.165 [main] DEBUG nextflow.util.ThreadPoolBuilder - Creating thread pool 'FileTransfer' minSize=10; maxSize=24; workQueue=LinkedBlockingQueue[-1]; allowCoreThreadTimeout=false
Nov-17 12:11:13.183 [main] DEBUG nextflow.cli.CmdRun - 
  Version: 25.10.0 build 10289
  Created: 22-10-2025 16:26 UTC (09:26 PDT)
  System: Linux 6.8.0-87-generic
  Runtime: Groovy 4.0.28 on OpenJDK 64-Bit Server VM 21.0.2-internal-adhoc.conda.src
  Encoding: UTF-8 (UTF-8)
  Process: 174421@giulipc [192.168.25.26]
  CPUs: 8 - Mem: 7.2 GB (1 GB) - Swap: 2 GB (666.8 MB)
Nov-17 12:11:13.201 [main] DEBUG nextflow.file.FileHelper - Unable to determine FS type (1): /home/giuliosp/Desktop/Joy_Lab/BIOF 501/Project/giuliBIOF501Project/Nextflow.amrlearn/work

Nov-17 12:11:13.201 [main] DEBUG nextflow.Session - Work-dir: /home/giuliosp/Desktop/Joy_Lab/BIOF 501/Project/giuliBIOF501Project/Nextflow.amrlearn/work [null]
Nov-17 12:11:13.202 [main] DEBUG nextflow.Session - Script base path does not exist or is not a directory: /home/giuliosp/Desktop/Joy_Lab/BIOF 501/Project/giuliBIOF501Project/Nextflow.amrlearn/bin
Nov-17 12:11:13.211 [main] DEBUG nextflow.executor.ExecutorFactory - Extension executors providers=[]
Nov-17 12:11:13.221 [main] DEBUG nextflow.Session - Observer factory (v2): LinObserverFactory
Nov-17 12:11:13.224 [main] DEBUG nextflow.Session - Observer factory (v2): DefaultObserverFactory
Nov-17 12:11:13.270 [main] DEBUG nextflow.cache.CacheFactory - Using Nextflow cache factory: nextflow.cache.DefaultCacheFactory
Nov-17 12:11:13.279 [main] DEBUG nextflow.util.CustomThreadPool - Creating default thread pool > poolSize: 9; maxThreads: 1000
Nov-17 12:11:13.340 [main] DEBUG nextflow.Session - Session start
Nov-17 12:11:13.553 [main] DEBUG nextflow.script.ScriptRunner - Parsed script files:
Nov-17 12:11:13.564 [main] DEBUG n.trace.WorkflowStatsObserver - Workflow completed > WorkflowStats[succeededCount=0; failedCount=0; ignoredCount=0; cachedCount=0; pendingCount=0; submittedCount=0; runningCount=0; retriesCount=0; abortedCount=0; succeedDuration=0ms; failedDuration=0ms; cachedDuration=0ms;loadCpus=0; loadMemory=0; peakRunning=0; peakCpus=0; peakMemory=0; ]
Nov-17 12:11:13.750 [main] ERROR nextflow.cli.Launcher - Script compilation error
- file : /home/giuliosp/Desktop/Joy_Lab/BIOF 501/Project/giuliBIOF501Project/Nextflow.amrlearn/main.nf
- cause: Unexpected input: '{' @ line 106, column 18.
   process ml_learn {
                    ^

1 error

NOTE: If this is the beginning of a process or workflow, there may be a syntax error in the body, such as a missing or extra comma, for which a more specific error message could not be produced.
nextflow.exception.ScriptCompilationException: Script compilation error
- file : /home/giuliosp/Desktop/Joy_Lab/BIOF 501/Project/giuliBIOF501Project/Nextflow.amrlearn/main.nf
- cause: Unexpected input: '{' @ line 106, column 18.
   process ml_learn {
                    ^

1 error

NOTE: If this is the beginning of a process or workflow, there may be a syntax error in the body, such as a missing or extra comma, for which a more specific error message could not be produced.
	at nextflow.script.parser.v1.ScriptLoaderV1.parse0(ScriptLoaderV1.groovy:204)
	at nextflow.script.parser.v1.ScriptLoaderV1.parse(ScriptLoaderV1.groovy:215)
	at nextflow.script.parser.v1.ScriptLoaderV1.parse(ScriptLoaderV1.groovy)
	at nextflow.script.ScriptRunner.parseScript(ScriptRunner.groovy:232)
	at nextflow.script.ScriptRunner.execute(ScriptRunner.groovy:137)
	at nextflow.cli.CmdRun.run(CmdRun.groovy:428)
	at nextflow.cli.Launcher.run(Launcher.groovy:515)
	at nextflow.cli.Launcher.main(Launcher.groovy:675)
Caused by: org.codehaus.groovy.control.MultipleCompilationErrorsException: startup failed:
Script_1ea63a634dbb83cd: 106: Unexpected input: '{' @ line 106, column 18.
   process ml_learn {
                    ^

1 error

	at org.codehaus.groovy.control.ErrorCollector.failIfErrors(ErrorCollector.java:292)
	at org.codehaus.groovy.control.ErrorCollector.addFatalError(ErrorCollector.java:148)
	at org.apache.groovy.parser.antlr4.AstBuilder.collectSyntaxError(AstBuilder.java:4739)
	at org.apache.groovy.parser.antlr4.AstBuilder.access$100(AstBuilder.java:169)
	at org.apache.groovy.parser.antlr4.AstBuilder$3.syntaxError(AstBuilder.java:4750)
	at groovyjarjarantlr4.v4.runtime.ProxyErrorListener.syntaxError(ProxyErrorListener.java:44)
	at groovyjarjarantlr4.v4.runtime.Parser.notifyErrorListeners(Parser.java:543)
	at groovyjarjarantlr4.v4.runtime.DefaultErrorStrategy.notifyErrorListeners(DefaultErrorStrategy.java:154)
	at org.apache.groovy.parser.antlr4.internal.DescriptiveErrorStrategy.reportInputMismatch(DescriptiveErrorStrategy.java:104)
	at org.apache.groovy.parser.antlr4.internal.DescriptiveErrorStrategy.recover(DescriptiveErrorStrategy.java:55)
	at org.apache.groovy.parser.antlr4.internal.DescriptiveErrorStrategy.recoverInline(DescriptiveErrorStrategy.java:68)
	at groovyjarjarantlr4.v4.runtime.Parser.match(Parser.java:213)
	at org.apache.groovy.parser.antlr4.GroovyParser.compilationUnit(GroovyParser.java:368)
	at org.apache.groovy.parser.antlr4.AstBuilder.buildCST(AstBuilder.java:243)
	at org.apache.groovy.parser.antlr4.AstBuilder.buildCST(AstBuilder.java:221)
	at org.apache.groovy.parser.antlr4.AstBuilder.buildAST(AstBuilder.java:262)
	at org.apache.groovy.parser.antlr4.Antlr4ParserPlugin.buildAST(Antlr4ParserPlugin.java:58)
	at org.codehaus.groovy.control.SourceUnit.buildAST(SourceUnit.java:256)
	at java.base/java.util.Iterator.forEachRemaining(Iterator.java:133)
	at java.base/java.util.Spliterators$IteratorSpliterator.forEachRemaining(Spliterators.java:1939)
	at java.base/java.util.stream.ReferencePipeline$Head.forEach(ReferencePipeline.java:762)
	at org.codehaus.groovy.control.CompilationUnit.compile(CompilationUnit.java:631)
	at groovy.lang.GroovyClassLoader.doParseClass(GroovyClassLoader.java:365)
	at groovy.lang.GroovyClassLoader.lambda$parseClass$2(GroovyClassLoader.java:314)
	at org.codehaus.groovy.runtime.memoize.StampedCommonCache.compute(StampedCommonCache.java:163)
	at org.codehaus.groovy.runtime.memoize.StampedCommonCache.getAndPut(StampedCommonCache.java:154)
	at groovy.lang.GroovyClassLoader.parseClass(GroovyClassLoader.java:314)
	at groovy.lang.GroovyShell.parseClass(GroovyShell.java:572)
	at groovy.lang.GroovyShell.parse(GroovyShell.java:585)
	at groovy.lang.GroovyShell.parse(GroovyShell.java:639)
	at groovy.lang.GroovyShell.parse(GroovyShell.java:643)
	at nextflow.script.parser.v1.ScriptLoaderV1.parse0(ScriptLoaderV1.groovy:183)
	... 7 common frames omitted
